[debug] [2024-01-08T11:41:50.875Z] ----------------------------------------------------------------------
[debug] [2024-01-08T11:41:50.878Z] Command:       C:\Program Files\nodejs\node.exe C:\Users\HP\AppData\Roaming\npm\node_modules\firebase-tools\lib\bin\firebase.js init
[debug] [2024-01-08T11:41:50.879Z] CLI Version:   13.0.2
[debug] [2024-01-08T11:41:50.879Z] Platform:      win32
[debug] [2024-01-08T11:41:50.880Z] Node Version:  v20.10.0
[debug] [2024-01-08T11:41:50.880Z] Time:          Mon Jan 08 2024 17:11:50 GMT+0530 (India Standard Time)
[debug] [2024-01-08T11:41:50.880Z] ----------------------------------------------------------------------
[debug] 
[debug] [2024-01-08T11:41:50.956Z] > command requires scopes: ["email","openid","https://www.googleapis.com/auth/cloudplatformprojects.readonly","https://www.googleapis.com/auth/firebase","https://www.googleapis.com/auth/cloud-platform"]
[debug] [2024-01-08T11:41:50.957Z] > authorizing via signed-in user (agrawal2002yash@gmail.com)
[info] 
     ######## #### ########  ######## ########     ###     ######  ########
     ##        ##  ##     ## ##       ##     ##  ##   ##  ##       ##
     ######    ##  ########  ######   ########  #########  ######  ######
     ##        ##  ##    ##  ##       ##     ## ##     ##       ## ##
     ##       #### ##     ## ######## ########  ##     ##  ######  ########

You're about to initialize a Firebase project in this directory:

  G:\angular tutorial\blogweb

Before we get started, keep in mind:

  * You are initializing within an existing Firebase project directory

[info] 
=== Project Setup
[info] 
[info] First, let's associate this project directory with a Firebase project.
[info] You can create multiple project aliases by running firebase use --add, 
[info] but for now we'll just set up a default project.
[info] 
[debug] [2024-01-08T11:41:59.866Z] Using project from CLI flag: blogweb-ae2022
[debug] [2024-01-08T11:41:59.868Z] > refreshing access token with scopes: []
[debug] [2024-01-08T11:41:59.872Z] >>> [apiv2][query] POST https://www.googleapis.com/oauth2/v3/token [none]
[debug] [2024-01-08T11:41:59.873Z] >>> [apiv2][body] POST https://www.googleapis.com/oauth2/v3/token [omitted]
[debug] [2024-01-08T11:42:00.253Z] <<< [apiv2][status] POST https://www.googleapis.com/oauth2/v3/token 400
[debug] [2024-01-08T11:42:00.253Z] <<< [apiv2][body] POST https://www.googleapis.com/oauth2/v3/token [omitted]
[debug] [2024-01-08T11:42:00.254Z] >>> [apiv2][query] GET https://firebase.googleapis.com/v1beta1/projects/blogweb-ae2022 [none]
[debug] [2024-01-08T11:42:00.493Z] <<< [apiv2][status] GET https://firebase.googleapis.com/v1beta1/projects/blogweb-ae2022 401
[debug] [2024-01-08T11:42:00.493Z] <<< [apiv2][body] GET https://firebase.googleapis.com/v1beta1/projects/blogweb-ae2022 {"error":{"code":401,"message":"Request had invalid authentication credentials. Expected OAuth 2 access token, login cookie or other valid authentication credential. See https://developers.google.com/identity/sign-in/web/devconsole-project.","status":"UNAUTHENTICATED"}}
[debug] [2024-01-08T11:42:00.494Z] HTTP Error: 401, Request had invalid authentication credentials. Expected OAuth 2 access token, login cookie or other valid authentication credential. See https://developers.google.com/identity/sign-in/web/devconsole-project.
[debug] [2024-01-08T11:42:00.663Z] FirebaseError: HTTP Error: 401, Request had invalid authentication credentials. Expected OAuth 2 access token, login cookie or other valid authentication credential. See https://developers.google.com/identity/sign-in/web/devconsole-project.
    at responseToError (C:\Users\HP\AppData\Roaming\npm\node_modules\firebase-tools\lib\responseToError.js:49:12)
    at RetryOperation._fn (C:\Users\HP\AppData\Roaming\npm\node_modules\firebase-tools\lib\apiv2.js:292:77)
    at process.processTicksAndRejections (node:internal/process/task_queues:95:5)
[error] 
[error] Error: Failed to get Firebase project blogweb-ae2022. Please make sure the project exists and your account has permission to access it.
